build/app/intermediates/manifest_merge_blame_file/debug/manifest-merger-blame-debug-report.txt
1<?xml version="1.0" encoding="utf-8"?>
2<manifest xmlns:android="http://schemas.android.com/apk/res/android"
3    package="com.smartersvision.food_delivery_owner"
4    android:versionCode="1"
5    android:versionName="1.1.0" >
6
7    <uses-sdk
8        android:minSdkVersion="19"
9        android:targetSdkVersion="29" />
10    <!--
11         Flutter needs it to communicate with the running application
12         to allow setting breakpoints, to provide hot reload, etc.
13    -->
14    <uses-permission android:name="android.permission.INTERNET" />
14-->src\main\AndroidManifest.xml:4:5-66
14-->src\main\AndroidManifest.xml:4:22-64
15    <uses-permission android:name="android.permission.ACCESS_FINE_LOCATION" />
15-->src\main\AndroidManifest.xml:5:5-78
15-->src\main\AndroidManifest.xml:5:22-76
16    <uses-permission android:name="android.permission.ACCESS_COARSE_LOCATION" />
16-->src\main\AndroidManifest.xml:6:5-80
16-->src\main\AndroidManifest.xml:6:22-78
17    <uses-permission android:name="android.permission.ACCESS_NETWORK_STATE" />
17-->src\main\AndroidManifest.xml:7:5-79
17-->src\main\AndroidManifest.xml:7:22-76
18    <uses-permission android:name="android.permission.WAKE_LOCK" /> <!-- Required by older versions of Google Play services to create IID tokens -->
18-->[com.google.android.gms:play-services-measurement-api:17.4.1] AndroidManifest.xml:24:5-68
18-->[com.google.android.gms:play-services-measurement-api:17.4.1] AndroidManifest.xml:24:22-65
19    <uses-permission android:name="com.google.android.c2dm.permission.RECEIVE" />
19-->[com.google.firebase:firebase-iid:20.1.7] AndroidManifest.xml:26:5-82
19-->[com.google.firebase:firebase-iid:20.1.7] AndroidManifest.xml:26:22-79
20    <uses-permission android:name="com.google.android.finsky.permission.BIND_GET_INSTALL_REFERRER_SERVICE" />
20-->[com.google.android.gms:play-services-measurement:17.4.1] AndroidManifest.xml:26:5-110
20-->[com.google.android.gms:play-services-measurement:17.4.1] AndroidManifest.xml:26:22-107
21
22    <uses-feature
22-->[com.google.android.gms:play-services-maps:17.0.0] AndroidManifest.xml:26:5-28:35
23        android:glEsVersion="0x00020000"
23-->[com.google.android.gms:play-services-maps:17.0.0] AndroidManifest.xml:27:9-41
24        android:required="true" />
24-->[com.google.android.gms:play-services-maps:17.0.0] AndroidManifest.xml:28:9-32
25    <!--
26 io.flutter.app.FlutterApplication is an android.app.Application that
27         calls FlutterMain.startInitialization(this); in its onCreate method.
28         In most cases you can leave this as-is, but you if you want to provide
29         additional functionality it is fine to subclass or reimplement
30         FlutterApplication and put your custom class here.
31    -->
32    <application
32-->src\main\AndroidManifest.xml:13:5-61:19
33        android:name="io.flutter.app.FlutterApplication"
33-->src\main\AndroidManifest.xml:14:13-61
34        android:appComponentFactory="androidx.core.app.CoreComponentFactory"
34-->[androidx.core:core:1.1.0] AndroidManifest.xml:24:18-86
35        android:debuggable="true"
36        android:icon="@mipmap/ic_launcher"
36-->src\main\AndroidManifest.xml:16:13-47
37        android:label="Owner Food Delivery" >
37-->src\main\AndroidManifest.xml:15:13-48
38        <meta-data
38-->src\main\AndroidManifest.xml:18:9-19:67
39            android:name="com.google.android.geo.API_KEY"
39-->src\main\AndroidManifest.xml:18:20-65
40            android:value="YOUR_GOOGLE_MAPS_API_KEY_HERE" />
40-->src\main\AndroidManifest.xml:19:20-65
41        <meta-data
41-->src\main\AndroidManifest.xml:20:9-22:62
42            android:name="com.google.firebase.messaging.default_notification_icon"
42-->src\main\AndroidManifest.xml:21:17-87
43            android:resource="@mipmap/ic_notification" />
43-->src\main\AndroidManifest.xml:22:17-59
44
45        <activity
45-->src\main\AndroidManifest.xml:23:9-55:20
46            android:name="com.smartersvision.food_delivery_owner.MainActivity"
46-->src\main\AndroidManifest.xml:24:13-41
47            android:configChanges="orientation|keyboardHidden|keyboard|screenSize|smallestScreenSize|locale|layoutDirection|fontScale|screenLayout|density|uiMode"
47-->src\main\AndroidManifest.xml:27:13-163
48            android:hardwareAccelerated="true"
48-->src\main\AndroidManifest.xml:28:13-47
49            android:launchMode="singleTop"
49-->src\main\AndroidManifest.xml:25:13-43
50            android:theme="@style/LaunchTheme"
50-->src\main\AndroidManifest.xml:26:13-47
51            android:windowSoftInputMode="adjustResize" >
51-->src\main\AndroidManifest.xml:29:13-55
52
53            <!--
54                 This keeps the window background of the activity showing
55                 until Flutter renders its first frame. It can be removed if
56                 there is no splash screen (such as the default splash screen
57                 defined in @style/LaunchTheme).
58            -->
59            <meta-data
59-->src\main\AndroidManifest.xml:34:13-37:17
60                android:name="io.flutter.embedding.android.NormalTheme"
60-->src\main\AndroidManifest.xml:35:15-70
61                android:resource="@style/NormalTheme" />
61-->src\main\AndroidManifest.xml:36:15-52
62            <!--
63                 Displays an Android View that continues showing the launch screen
64                 Drawable until Flutter paints its first frame, then this splash
65                 screen fades out. A splash screen is useful to avoid any visual
66                 gap between the end of Android's launch screen and the painting of
67                 Flutter's first frame.
68            -->
69            <meta-data
69-->src\main\AndroidManifest.xml:43:13-46:17
70                android:name="io.flutter.embedding.android.SplashScreenDrawable"
70-->src\main\AndroidManifest.xml:44:15-79
71                android:resource="@drawable/launch_background" />
71-->src\main\AndroidManifest.xml:45:15-61
72
73            <intent-filter>
73-->src\main\AndroidManifest.xml:47:13-50:29
74                <action android:name="android.intent.action.MAIN" />
74-->src\main\AndroidManifest.xml:48:17-68
74-->src\main\AndroidManifest.xml:48:25-66
75
76                <category android:name="android.intent.category.LAUNCHER" />
76-->src\main\AndroidManifest.xml:49:17-76
76-->src\main\AndroidManifest.xml:49:27-74
77            </intent-filter>
78            <intent-filter>
78-->src\main\AndroidManifest.xml:51:13-54:29
79                <action android:name="FLUTTER_NOTIFICATION_CLICK" />
79-->src\main\AndroidManifest.xml:52:17-69
79-->src\main\AndroidManifest.xml:52:25-66
80
81                <category android:name="android.intent.category.DEFAULT" />
81-->src\main\AndroidManifest.xml:53:17-76
81-->src\main\AndroidManifest.xml:53:27-73
82            </intent-filter>
83        </activity>
84        <!--
85             Don't delete the meta-data below.
86             This is used by the Flutter tool to generate GeneratedPluginRegistrant.java
87        -->
88        <meta-data
88-->src\main\AndroidManifest.xml:58:9-60:33
89            android:name="flutterEmbedding"
89-->src\main\AndroidManifest.xml:59:13-44
90            android:value="2" />
90-->src\main\AndroidManifest.xml:60:13-30
91
92        <service
92-->[:cloud_firestore] AndroidManifest.xml:8:9-12:19
93            android:name="com.google.firebase.components.ComponentDiscoveryService"
93-->[:cloud_firestore] AndroidManifest.xml:8:18-89
94            android:directBootAware="true"
94-->[com.google.firebase:firebase-common:19.3.0] AndroidManifest.xml:34:13-43
95            android:exported="false" >
95-->[com.google.firebase:firebase-messaging:20.1.7] AndroidManifest.xml:37:13-37
96            <meta-data
96-->[:cloud_firestore] AndroidManifest.xml:9:13-11:85
97                android:name="com.google.firebase.components:io.flutter.plugins.firebase.firestore.FlutterFirebaseFirestoreRegistrar"
97-->[:cloud_firestore] AndroidManifest.xml:10:17-134
98                android:value="com.google.firebase.components.ComponentRegistrar" />
98-->[:cloud_firestore] AndroidManifest.xml:11:17-82
99            <meta-data
99-->[:firebase_auth] AndroidManifest.xml:9:13-11:85
100                android:name="com.google.firebase.components:io.flutter.plugins.firebase.auth.FlutterFirebaseAuthRegistrar"
100-->[:firebase_auth] AndroidManifest.xml:10:17-124
101                android:value="com.google.firebase.components.ComponentRegistrar" />
101-->[:firebase_auth] AndroidManifest.xml:11:17-82
102            <meta-data
102-->[:firebase_messaging] AndroidManifest.xml:14:13-16:85
103                android:name="com.google.firebase.components:io.flutter.plugins.firebasemessaging.FlutterFirebaseAppRegistrar"
103-->[:firebase_messaging] AndroidManifest.xml:15:17-127
104                android:value="com.google.firebase.components.ComponentRegistrar" />
104-->[:firebase_messaging] AndroidManifest.xml:16:17-82
105            <meta-data
105-->[:firebase_core] AndroidManifest.xml:9:13-11:85
106                android:name="com.google.firebase.components:io.flutter.plugins.firebase.core.FlutterFirebaseCoreRegistrar"
106-->[:firebase_core] AndroidManifest.xml:10:17-124
107                android:value="com.google.firebase.components.ComponentRegistrar" />
107-->[:firebase_core] AndroidManifest.xml:11:17-82
108            <meta-data
108-->[com.google.firebase:firebase-messaging:20.1.7] AndroidManifest.xml:38:13-40:85
109                android:name="com.google.firebase.components:com.google.firebase.messaging.FirebaseMessagingRegistrar"
109-->[com.google.firebase:firebase-messaging:20.1.7] AndroidManifest.xml:39:17-119
110                android:value="com.google.firebase.components.ComponentRegistrar" />
110-->[com.google.firebase:firebase-messaging:20.1.7] AndroidManifest.xml:40:17-82
111            <meta-data
111-->[com.google.android.gms:play-services-measurement-api:17.4.1] AndroidManifest.xml:30:13-32:85
112                android:name="com.google.firebase.components:com.google.firebase.analytics.connector.internal.AnalyticsConnectorRegistrar"
112-->[com.google.android.gms:play-services-measurement-api:17.4.1] AndroidManifest.xml:31:17-139
113                android:value="com.google.firebase.components.ComponentRegistrar" />
113-->[com.google.android.gms:play-services-measurement-api:17.4.1] AndroidManifest.xml:32:17-82
114            <meta-data
114-->[com.google.firebase:firebase-iid:20.1.7] AndroidManifest.xml:32:13-34:85
115                android:name="com.google.firebase.components:com.google.firebase.iid.Registrar"
115-->[com.google.firebase:firebase-iid:20.1.7] AndroidManifest.xml:33:17-96
116                android:value="com.google.firebase.components.ComponentRegistrar" />
116-->[com.google.firebase:firebase-iid:20.1.7] AndroidManifest.xml:34:17-82
117            <meta-data
117-->[com.google.firebase:firebase-auth:19.3.1] AndroidManifest.xml:36:13-38:85
118                android:name="com.google.firebase.components:com.google.firebase.auth.FirebaseAuthRegistrar"
118-->[com.google.firebase:firebase-auth:19.3.1] AndroidManifest.xml:37:17-109
119                android:value="com.google.firebase.components.ComponentRegistrar" />
119-->[com.google.firebase:firebase-auth:19.3.1] AndroidManifest.xml:38:17-82
120            <meta-data
120-->[com.google.firebase:firebase-datatransport:17.0.3] AndroidManifest.xml:28:13-30:85
121                android:name="com.google.firebase.components:com.google.firebase.datatransport.TransportRegistrar"
121-->[com.google.firebase:firebase-datatransport:17.0.3] AndroidManifest.xml:29:17-115
122                android:value="com.google.firebase.components.ComponentRegistrar" />
122-->[com.google.firebase:firebase-datatransport:17.0.3] AndroidManifest.xml:30:17-82
123            <meta-data
123-->[com.google.firebase:firebase-installations:16.3.0] AndroidManifest.xml:17:13-19:85
124                android:name="com.google.firebase.components:com.google.firebase.installations.FirebaseInstallationsRegistrar"
124-->[com.google.firebase:firebase-installations:16.3.0] AndroidManifest.xml:18:17-127
125                android:value="com.google.firebase.components.ComponentRegistrar" />
125-->[com.google.firebase:firebase-installations:16.3.0] AndroidManifest.xml:19:17-82
126            <meta-data
126-->[com.google.firebase:firebase-firestore:21.4.3] AndroidManifest.xml:20:13-22:85
127                android:name="com.google.firebase.components:com.google.firebase.firestore.FirestoreRegistrar"
127-->[com.google.firebase:firebase-firestore:21.4.3] AndroidManifest.xml:21:17-111
128                android:value="com.google.firebase.components.ComponentRegistrar" />
128-->[com.google.firebase:firebase-firestore:21.4.3] AndroidManifest.xml:22:17-82
129        </service>
130        <service android:name="io.flutter.plugins.firebasemessaging.FlutterFirebaseMessagingService" >
130-->[:firebase_messaging] AndroidManifest.xml:8:9-12:19
130-->[:firebase_messaging] AndroidManifest.xml:8:18-101
131            <intent-filter>
131-->[:firebase_messaging] AndroidManifest.xml:9:13-11:29
132                <action android:name="com.google.firebase.MESSAGING_EVENT" />
132-->[:firebase_messaging] AndroidManifest.xml:10:17-78
132-->[:firebase_messaging] AndroidManifest.xml:10:25-75
133            </intent-filter>
134        </service>
135
136        <activity
136-->[:url_launcher] AndroidManifest.xml:8:9-11:74
137            android:name="io.flutter.plugins.urllauncher.WebViewActivity"
137-->[:url_launcher] AndroidManifest.xml:9:13-74
138            android:exported="false"
138-->[:url_launcher] AndroidManifest.xml:10:13-37
139            android:theme="@android:style/Theme.NoTitleBar.Fullscreen" />
139-->[:url_launcher] AndroidManifest.xml:11:13-71
140        <!--
141             FirebaseMessagingService performs security checks at runtime,
142             but set to not exported to explicitly avoid allowing another app to call it.
143        -->
144        <service
144-->[com.google.firebase:firebase-messaging:20.1.7] AndroidManifest.xml:28:9-34:19
145            android:name="com.google.firebase.messaging.FirebaseMessagingService"
145-->[com.google.firebase:firebase-messaging:20.1.7] AndroidManifest.xml:29:13-82
146            android:exported="false" >
146-->[com.google.firebase:firebase-messaging:20.1.7] AndroidManifest.xml:30:13-37
147            <intent-filter android:priority="-500" >
147-->[:firebase_messaging] AndroidManifest.xml:9:13-11:29
148                <action android:name="com.google.firebase.MESSAGING_EVENT" />
148-->[:firebase_messaging] AndroidManifest.xml:10:17-78
148-->[:firebase_messaging] AndroidManifest.xml:10:25-75
149            </intent-filter>
150        </service>
151
152        <receiver
152-->[com.google.firebase:firebase-iid:20.1.7] AndroidManifest.xml:37:9-44:20
153            android:name="com.google.firebase.iid.FirebaseInstanceIdReceiver"
153-->[com.google.firebase:firebase-iid:20.1.7] AndroidManifest.xml:38:13-78
154            android:exported="true"
154-->[com.google.firebase:firebase-iid:20.1.7] AndroidManifest.xml:39:13-36
155            android:permission="com.google.android.c2dm.permission.SEND" >
155-->[com.google.firebase:firebase-iid:20.1.7] AndroidManifest.xml:40:13-73
156            <intent-filter>
156-->[com.google.firebase:firebase-iid:20.1.7] AndroidManifest.xml:41:13-43:29
157                <action android:name="com.google.android.c2dm.intent.RECEIVE" />
157-->[com.google.firebase:firebase-iid:20.1.7] AndroidManifest.xml:42:17-81
157-->[com.google.firebase:firebase-iid:20.1.7] AndroidManifest.xml:42:25-78
158            </intent-filter>
159        </receiver>
160        <receiver
160-->[com.google.android.gms:play-services-measurement:17.4.1] AndroidManifest.xml:29:9-33:20
161            android:name="com.google.android.gms.measurement.AppMeasurementReceiver"
161-->[com.google.android.gms:play-services-measurement:17.4.1] AndroidManifest.xml:30:13-85
162            android:enabled="true"
162-->[com.google.android.gms:play-services-measurement:17.4.1] AndroidManifest.xml:31:13-35
163            android:exported="false" >
163-->[com.google.android.gms:play-services-measurement:17.4.1] AndroidManifest.xml:32:13-37
164        </receiver>
165
166        <service
166-->[com.google.android.gms:play-services-measurement:17.4.1] AndroidManifest.xml:35:9-38:40
167            android:name="com.google.android.gms.measurement.AppMeasurementService"
167-->[com.google.android.gms:play-services-measurement:17.4.1] AndroidManifest.xml:36:13-84
168            android:enabled="true"
168-->[com.google.android.gms:play-services-measurement:17.4.1] AndroidManifest.xml:37:13-35
169            android:exported="false" />
169-->[com.google.android.gms:play-services-measurement:17.4.1] AndroidManifest.xml:38:13-37
170        <service
170-->[com.google.android.gms:play-services-measurement:17.4.1] AndroidManifest.xml:39:9-43:72
171            android:name="com.google.android.gms.measurement.AppMeasurementJobService"
171-->[com.google.android.gms:play-services-measurement:17.4.1] AndroidManifest.xml:40:13-87
172            android:enabled="true"
172-->[com.google.android.gms:play-services-measurement:17.4.1] AndroidManifest.xml:41:13-35
173            android:exported="false"
173-->[com.google.android.gms:play-services-measurement:17.4.1] AndroidManifest.xml:42:13-37
174            android:permission="android.permission.BIND_JOB_SERVICE" />
174-->[com.google.android.gms:play-services-measurement:17.4.1] AndroidManifest.xml:43:13-69
175
176        <activity
176-->[com.google.firebase:firebase-auth:19.3.1] AndroidManifest.xml:24:9-31:50
177            android:name="com.google.firebase.auth.internal.FederatedSignInActivity"
177-->[com.google.firebase:firebase-auth:19.3.1] AndroidManifest.xml:25:13-85
178            android:excludeFromRecents="true"
178-->[com.google.firebase:firebase-auth:19.3.1] AndroidManifest.xml:26:13-46
179            android:exported="true"
179-->[com.google.firebase:firebase-auth:19.3.1] AndroidManifest.xml:27:13-36
180            android:launchMode="singleTask"
180-->[com.google.firebase:firebase-auth:19.3.1] AndroidManifest.xml:28:13-44
181            android:permission="com.google.firebase.auth.api.gms.permission.LAUNCH_FEDERATED_SIGN_IN"
181-->[com.google.firebase:firebase-auth:19.3.1] AndroidManifest.xml:29:13-102
182            android:theme="@android:style/Theme.Translucent.NoTitleBar" />
182-->[com.google.firebase:firebase-auth:19.3.1] AndroidManifest.xml:30:13-72
183
184        <provider
184-->[com.google.firebase:firebase-common:19.3.0] AndroidManifest.xml:26:9-30:39
185            android:name="com.google.firebase.provider.FirebaseInitProvider"
185-->[com.google.firebase:firebase-common:19.3.0] AndroidManifest.xml:27:13-77
186            android:authorities="com.smartersvision.food_delivery_owner.firebaseinitprovider"
186-->[com.google.firebase:firebase-common:19.3.0] AndroidManifest.xml:28:13-72
187            android:exported="false"
187-->[com.google.firebase:firebase-common:19.3.0] AndroidManifest.xml:29:13-37
188            android:initOrder="100" /> <!-- Needs to be explicitly declared on P+ -->
188-->[com.google.firebase:firebase-common:19.3.0] AndroidManifest.xml:30:13-36
189        <uses-library
189-->[com.google.android.gms:play-services-maps:17.0.0] AndroidManifest.xml:33:9-35:40
190            android:name="org.apache.http.legacy"
190-->[com.google.android.gms:play-services-maps:17.0.0] AndroidManifest.xml:34:13-50
191            android:required="false" />
191-->[com.google.android.gms:play-services-maps:17.0.0] AndroidManifest.xml:35:13-37
192
193        <activity
193-->[com.google.android.gms:play-services-base:17.1.0] AndroidManifest.xml:23:9-26:75
194            android:name="com.google.android.gms.common.api.GoogleApiActivity"
194-->[com.google.android.gms:play-services-base:17.1.0] AndroidManifest.xml:24:13-79
195            android:exported="false"
195-->[com.google.android.gms:play-services-base:17.1.0] AndroidManifest.xml:25:13-37
196            android:theme="@android:style/Theme.Translucent.NoTitleBar" />
196-->[com.google.android.gms:play-services-base:17.1.0] AndroidManifest.xml:26:13-72
197
198        <meta-data
198-->[com.google.android.gms:play-services-basement:17.0.0] AndroidManifest.xml:23:9-25:69
199            android:name="com.google.android.gms.version"
199-->[com.google.android.gms:play-services-basement:17.0.0] AndroidManifest.xml:24:13-58
200            android:value="@integer/google_play_services_version" />
200-->[com.google.android.gms:play-services-basement:17.0.0] AndroidManifest.xml:25:13-66
201
202        <service
202-->[com.google.android.datatransport:transport-backend-cct:2.2.0] AndroidManifest.xml:29:9-35:19
203            android:name="com.google.android.datatransport.runtime.backends.TransportBackendDiscovery"
203-->[com.google.android.datatransport:transport-backend-cct:2.2.0] AndroidManifest.xml:30:13-103
204            android:exported="false" >
204-->[com.google.android.datatransport:transport-backend-cct:2.2.0] AndroidManifest.xml:31:13-37
205            <meta-data
205-->[com.google.android.datatransport:transport-backend-cct:2.2.0] AndroidManifest.xml:32:13-34:39
206                android:name="backend:com.google.android.datatransport.cct.CctBackendFactory"
206-->[com.google.android.datatransport:transport-backend-cct:2.2.0] AndroidManifest.xml:33:17-94
207                android:value="cct" />
207-->[com.google.android.datatransport:transport-backend-cct:2.2.0] AndroidManifest.xml:34:17-36
208        </service>
209        <service
209-->[com.google.android.datatransport:transport-runtime:2.2.0] AndroidManifest.xml:26:9-30:19
210            android:name="com.google.android.datatransport.runtime.scheduling.jobscheduling.JobInfoSchedulerService"
210-->[com.google.android.datatransport:transport-runtime:2.2.0] AndroidManifest.xml:27:13-117
211            android:exported="false"
211-->[com.google.android.datatransport:transport-runtime:2.2.0] AndroidManifest.xml:28:13-37
212            android:permission="android.permission.BIND_JOB_SERVICE" >
212-->[com.google.android.datatransport:transport-runtime:2.2.0] AndroidManifest.xml:29:13-69
213        </service>
214
215        <receiver
215-->[com.google.android.datatransport:transport-runtime:2.2.0] AndroidManifest.xml:32:9-34:40
216            android:name="com.google.android.datatransport.runtime.scheduling.jobscheduling.AlarmManagerSchedulerBroadcastReceiver"
216-->[com.google.android.datatransport:transport-runtime:2.2.0] AndroidManifest.xml:33:13-132
217            android:exported="false" />
217-->[com.google.android.datatransport:transport-runtime:2.2.0] AndroidManifest.xml:34:13-37
218    </application>
219
220</manifest>